<?xml version="1.0" encoding="UTF-8"?>
<!-- Generated by org.testng.reporters.JUnitXMLReporter -->
<testsuite hostname="Shilpa" ignored="0" name="Execute Test" tests="3" failures="0" timestamp="2022-05-17T15:54:26 IST" time="56.768" errors="0">
  <testcase name="runTestScripts" time="8.866" classname="com.sg.driver.DriverScript"/>
  <testcase name="runTestScripts" time="14.179" classname="com.sg.driver.DriverScript"/>
  <testcase name="runTestScripts" time="32.819" classname="com.sg.driver.DriverScript"/>
</testsuite> <!-- Execute Test -->
