<?xml version="1.0" encoding="UTF-8"?>
<testng-results skipped="0" failed="0" ignored="0" total="3" passed="3">
  <reporter-output>
  </reporter-output>
  <suite name="Test suite" duration-ms="56768" started-at="2022-05-17T15:53:29 IST" finished-at="2022-05-17T15:54:26 IST">
    <groups>
    </groups>
    <test name="Execute Test" duration-ms="56768" started-at="2022-05-17T15:53:29 IST" finished-at="2022-05-17T15:54:26 IST">
      <class name="com.sg.driver.DriverScript">
        <test-method status="PASS" signature="loadClassFiles()[pri:0, instance:com.sg.driver.DriverScript@71423665]" name="loadClassFiles" is-config="true" duration-ms="260" started-at="2022-05-17T15:53:29 IST" finished-at="2022-05-17T15:53:29 IST">
          <reporter-output>
          </reporter-output>
        </test-method> <!-- loadClassFiles -->
        <test-method status="PASS" signature="runTestScripts(java.util.Map)[pri:0, instance:com.sg.driver.DriverScript@71423665]" name="runTestScripts" duration-ms="8866" started-at="2022-05-17T15:53:30 IST" data-provider="testData" finished-at="2022-05-17T15:53:39 IST">
          <params>
            <param index="0">
              <value>
                <![CDATA[{ExecuteTest=Yes, Status=PASS, ClassName=com.sg.testscripts.UserModuleScripts, TestCaseID=SRS_101, ScriptName=TS_loginLogout}]]>
              </value>
            </param>
          </params>
          <reporter-output>
          </reporter-output>
        </test-method> <!-- runTestScripts -->
        <test-method status="PASS" signature="runTestScripts(java.util.Map)[pri:0, instance:com.sg.driver.DriverScript@71423665]" name="runTestScripts" duration-ms="14179" started-at="2022-05-17T15:53:39 IST" data-provider="testData" finished-at="2022-05-17T15:53:53 IST">
          <params>
            <param index="0">
              <value>
                <![CDATA[{ExecuteTest=Yes, Status=PASS, ClassName=com.sg.testscripts.UserModuleScripts, TestCaseID=SRS_102, ScriptName=TS_CreateAndDeleteUser}]]>
              </value>
            </param>
          </params>
          <reporter-output>
          </reporter-output>
        </test-method> <!-- runTestScripts -->
        <test-method status="PASS" signature="runTestScripts(java.util.Map)[pri:0, instance:com.sg.driver.DriverScript@71423665]" name="runTestScripts" duration-ms="32819" started-at="2022-05-17T15:53:53 IST" data-provider="testData" finished-at="2022-05-17T15:54:26 IST">
          <params>
            <param index="0">
              <value>
                <![CDATA[{ExecuteTest=Yes, Status=PASS, ClassName=com.sg.testscripts.UserModuleScripts, TestCaseID=SRS_103, ScriptName=TS_VerifyLoginWithNewUser_DeleteUser}]]>
              </value>
            </param>
          </params>
          <reporter-output>
          </reporter-output>
        </test-method> <!-- runTestScripts -->
      </class> <!-- com.sg.driver.DriverScript -->
    </test> <!-- Execute Test -->
  </suite> <!-- Test suite -->
</testng-results>
