<?xml version="1.0" encoding="UTF-8"?>
<!-- Generated by org.testng.reporters.JUnitXMLReporter -->
<testsuite hostname="Shilpa" ignored="0" name="Execute Test" tests="3" failures="0" timestamp="2022-05-16T16:41:12 IST" time="60.035" errors="0">
  <testcase name="runTestScripts" time="9.637" classname="com.sg.driver.DriverScript"/>
  <testcase name="runTestScripts" time="14.353" classname="com.sg.driver.DriverScript"/>
  <testcase name="runTestScripts" time="34.939" classname="com.sg.driver.DriverScript"/>
</testsuite> <!-- Execute Test -->
